{"logTime": "0624/214053", "correlationVector":"Lb0RV8En6S0be/Lpd3oJ/+.1","action":"SyncServerConnectionManagerRequest", "result":"SYNC_SERVER_OK", "context":{"environment":"Prod_brazilsouth_prod-s01-001-sam-brazilsouth", "migrationStage":"NotStarted", "server":"akswtt00500001m"}}
{"logTime": "0624/214053", "correlationVector":"Lb0RV8En6S0be/Lpd3oJ/+.2","action":"ProcessGetUpdates", "result":"Done", "context":{"dataType":"Encryption Keys", "deleted":"0", "process_failed_to_decrypt":"0", "process_pending_decryption":"0", "process_success":"1", "total":"1"}}
{"logTime": "0624/214054", "correlationVector":"2KUW0sFRR+Y0vJ96NZ+oYn","action":"SyncServerConnectionManagerRequest", "result":"SYNC_SERVER_OK", "context":{"environment":"", "migrationStage":"", "server":""}}
{"logTime": "0624/214054", "correlationVector":"2KUW0sFRR+Y0vJ96NZ+oYn.0","action":"EncryptionKeysFetcher.DownloadKeys:", "result":"Success", "context":Key count: 10, Last key timestamp: 2026-02-11T03:37:44Z}
{"logTime": "0624/214054", "correlationVector":"2KUW0sFRR+Y0vJ96NZ+oYn.1","action":"EncryptionKeysManager::SetEncryptionKeys:", "result":"Success", "context":Key names[10]:[kaOb27ddHMiE237Wtg9NlJIkhq7RrQT05sUFRXt+JhcfTSzQVoPd+uvJ7nVnQvdnZG4j0do3YfBllZwV/Ra4gQ==][YgpHdWFUuUWWzmkdVS0zEik9Dc78hLDCEz90GHWgd3Co6Jm3n7MnswfFG5VVWooQQW5DSWugOTIEoSvfUu/hpw==][fomltV3nt2vg0d+NLWvpvYU6Ra2g1+ORx8ZpAJNzhltpmvJ8jhxLXRV8DzQIcjttgrww94qujsTJFSwjQRV0IA==][DBFzsHxBnZ5kg9iJnDH3YM/fOtUh47Buj4S8sKHZ15qOwM9quqlcy0gYqJIB9h8Eq8uXsgraHKfzurS8TVi1RA==][kAS6NfC5mVXKdZxDiaTrbcQIFd+8WExCgmS7rzo31NOhXlpVih+g5t9CSG9oFB5Il463sBkeJPV/eQ6qrTGS0g==][1N+9ZhOoApkLIX0l1bmmt/WQdeHBvToKF29sKS32ZsxSkz3H4MPT2LueAvV5+cdDNAfdpoiMMssoEsAcsfbRHQ==][ExHpQ5rEskqyQb2AqqpN0T5IT+p9whMKvSRAbWjqspo1GwO8KVYqgn3PURlZ2h+VMxxmUSuWGzJZK9RrE6fU0Q==][DpTdgn+Ca+ESKQO33Xfv6CRX6iRemIUhZ6E1JZQMmZHVsecW1yayUlPAAy6izbhUGpxerP22tKZnS/gcq2YyYA==][S6m0dM1RPrwNEiI5bTy9JRomyr5Qbd+cAjQoy5T5QryupVoawgjIbz9D2MTSntXxVdJv1I+eV8oMnRHISOv05A==][fgRbt8M5oDhpMvfyFnfmoHAtbga8fs3OZGo0A1PRx53Ml4WMFEUMf/i+cUbB+QJrWfwlzwv/qaVaYNm+302s2g==]}
{"logTime": "0624/214054", "correlationVector":"2KUW0sFRR+Y0vJ96NZ+oYn.2","action":"EncryptionKeysManager::SetEncryptionKeysWithTimestamps:", "result":"Success", "context":Key timestamps[10]:[2021-10-26T02:16:15Z][2022-05-28T15:06:24Z][2022-11-24T20:33:56Z][2023-05-25T00:10:28Z][2023-11-21T01:25:44Z][2024-05-20T00:12:28Z][2024-11-17T00:47:36Z][2025-05-17T00:15:56Z][2025-08-14T12:56:20Z][2026-02-11T03:37:44Z]}
{"logTime": "0624/214054", "correlationVector":"Lb0RV8En6S0be/Lpd3oJ/+","action":"Initial GetUpdates", "result":"", "context":Reason: NEW_CLIENT. cV=Lb0RV8En6S0be/Lpd3oJ/+}
{"logTime": "0624/214054", "correlationVector":"Lb0RV8En6S0be/Lpd3oJ/+.3","action":"GetUpdates Response", "result":"Success", "context":Received 1 update(s). cV=Lb0RV8En6S0be/Lpd3oJ/+.0;server=akswtt00500001m;cloudType=Consumer;environment=Prod_brazilsouth_prod-s01-001-sam-brazilsouth;migrationStage=NotStarted}
{"logTime": "0624/214054", "correlationVector":"pN/gFXGXIk9UUl3OfgX+5/","action":"Initial GetUpdates", "result":"", "context":Reason: NEWLY_SUPPORTED_DATATYPE. cV=pN/gFXGXIk9UUl3OfgX+5/}
{"logTime": "0624/214056", "correlationVector":"pN/gFXGXIk9UUl3OfgX+5/.1","action":"SyncServerConnectionManagerRequest", "result":"SYNC_SERVER_OK", "context":{"environment":"Prod_brazilsouth_prod-s01-001-sam-brazilsouth", "migrationStage":"NotStarted", "server":"akswtt00500001v"}}
{"logTime": "0624/214056", "correlationVector":"pN/gFXGXIk9UUl3OfgX+5/.2","action":"ProcessGetUpdates", "result":"Done", "context":{"dataType":"Preferences", "deleted":"0", "process_failed_to_decrypt":"0", "process_pending_decryption":"0", "process_success":"107", "total":"107"}}
{"logTime": "0624/214056", "correlationVector":"pN/gFXGXIk9UUl3OfgX+5/.3","action":"ProcessGetUpdates", "result":"Done", "context":{"dataType":"Passwords", "deleted":"0", "process_failed_to_decrypt":"0", "process_pending_decryption":"0", "process_success":"117", "total":"117"}}
{"logTime": "0624/214056", "correlationVector":"pN/gFXGXIk9UUl3OfgX+5/.4","action":"ProcessGetUpdates", "result":"Done", "context":{"dataType":"Device Info", "deleted":"0", "process_failed_to_decrypt":"0", "process_pending_decryption":"0", "process_success":"26", "total":"26"}}
{"logTime": "0624/214056", "correlationVector":"pN/gFXGXIk9UUl3OfgX+5/.5","action":"GetUpdates Response", "result":"Success", "context":Received 250 update(s). cV=pN/gFXGXIk9UUl3OfgX+5/.0;server=akswtt00500001v;cloudType=Consumer;environment=Prod_brazilsouth_prod-s01-001-sam-brazilsouth;migrationStage=NotStarted Some updates remain.}
{"logTime": "0624/214056", "correlationVector":"G4d+C+D4jv3MUA4KmVTseO","action":"Initial GetUpdates", "result":"", "context":Reason: NEWLY_SUPPORTED_DATATYPE. cV=G4d+C+D4jv3MUA4KmVTseO}
{"logTime": "0624/214056", "correlationVector":"G4d+C+D4jv3MUA4KmVTseO.1","action":"SyncServerConnectionManagerRequest", "result":"SYNC_SERVER_OK", "context":{"environment":"Prod_brazilsouth_prod-s01-001-sam-brazilsouth", "migrationStage":"NotStarted", "server":"akswtt005000020"}}
{"logTime": "0624/214056", "correlationVector":"G4d+C+D4jv3MUA4KmVTseO.2","action":"ProcessGetUpdates", "result":"Done", "context":{"dataType":"Preferences", "deleted":"0", "process_failed_to_decrypt":"0", "process_pending_decryption":"0", "process_success":"7", "total":"7"}}
{"logTime": "0624/214056", "correlationVector":"G4d+C+D4jv3MUA4KmVTseO.3","action":"ProcessGetUpdates", "result":"Done", "context":{"dataType":"Device Info", "deleted":"0", "process_failed_to_decrypt":"0", "process_pending_decryption":"0", "process_success":"1", "total":"1"}}
{"logTime": "0624/214056", "correlationVector":"G4d+C+D4jv3MUA4KmVTseO.4","action":"GetUpdates Response", "result":"Success", "context":Received 8 update(s). cV=G4d+C+D4jv3MUA4KmVTseO.0;server=akswtt005000020;cloudType=Consumer;environment=Prod_brazilsouth_prod-s01-001-sam-brazilsouth;migrationStage=NotStarted}
{"logTime": "0624/214056", "correlationVector":"/TVbx0BkVskcYr0PZlO3Dc","action":"Initial GetUpdates", "result":"", "context":Reason: NEWLY_SUPPORTED_DATATYPE. cV=/TVbx0BkVskcYr0PZlO3Dc}
{"logTime": "0624/214057", "correlationVector":"/TVbx0BkVskcYr0PZlO3Dc.1","action":"SyncServerConnectionManagerRequest", "result":"SYNC_SERVER_OK", "context":{"environment":"Prod_brazilsouth_prod-s01-001-sam-brazilsouth", "migrationStage":"NotStarted", "server":"akswtt00500002e"}}
{"logTime": "0624/214057", "correlationVector":"/TVbx0BkVskcYr0PZlO3Dc.2","action":"ProcessGetUpdates", "result":"Done", "context":{"dataType":"Bookmarks", "deleted":"2", "process_failed_to_decrypt":"0", "process_pending_decryption":"0", "process_success":"101", "total":"101"}}
{"logTime": "0624/214057", "correlationVector":"/TVbx0BkVskcYr0PZlO3Dc.3","action":"GetUpdates Response", "result":"Success", "context":Received 101 update(s). cV=/TVbx0BkVskcYr0PZlO3Dc.0;server=akswtt00500002e;cloudType=Consumer;environment=Prod_brazilsouth_prod-s01-001-sam-brazilsouth;migrationStage=NotStarted}
{"logTime": "0624/214057", "correlationVector":"XhjI7492wZdoOR+I+MdW4n","action":"Initial GetUpdates", "result":"", "context":Reason: NEWLY_SUPPORTED_DATATYPE. cV=XhjI7492wZdoOR+I+MdW4n}
{"logTime": "0624/214101", "correlationVector":"XhjI7492wZdoOR+I+MdW4n.1","action":"SyncServerConnectionManagerRequest", "result":"SYNC_SERVER_OK", "context":{"environment":"Prod_brazilsouth_prod-s01-001-sam-brazilsouth", "migrationStage":"NotStarted", "server":"akswtt00500001j"}}
{"logTime": "0624/214101", "correlationVector":"XhjI7492wZdoOR+I+MdW4n.2","action":"ProcessGetUpdates", "result":"Done", "context":{"dataType":"Autofill Profiles", "deleted":"0", "process_failed_to_decrypt":"0", "process_pending_decryption":"0", "process_success":"8", "total":"8"}}
{"logTime": "0624/214101", "correlationVector":"XhjI7492wZdoOR+I+MdW4n.3","action":"ProcessGetUpdates", "result":"Done", "context":{"dataType":"Autofill", "deleted":"0", "process_failed_to_decrypt":"0", "process_pending_decryption":"0", "process_success":"237", "total":"237"}}
{"logTime": "0624/214101", "correlationVector":"XhjI7492wZdoOR+I+MdW4n.4","action":"ProcessGetUpdates", "result":"Done", "context":{"dataType":"Extensions", "deleted":"0", "process_failed_to_decrypt":"0", "process_pending_decryption":"0", "process_success":"2", "total":"2"}}
{"logTime": "0624/214101", "correlationVector":"XhjI7492wZdoOR+I+MdW4n.5","action":"ProcessGetUpdates", "result":"Done", "context":{"dataType":"Saved Tab Group", "deleted":"3", "process_failed_to_decrypt":"0", "process_pending_decryption":"0", "process_success":"3", "total":"3"}}
{"logTime": "0624/214101", "correlationVector":"XhjI7492wZdoOR+I+MdW4n.6","action":"GetUpdates Response", "result":"Success", "context":Received 250 update(s). cV=XhjI7492wZdoOR+I+MdW4n.0;server=akswtt00500001j;cloudType=Consumer;environment=Prod_brazilsouth_prod-s01-001-sam-brazilsouth;migrationStage=NotStarted Some updates remain.}
{"logTime": "0624/214101", "correlationVector":"wk3R2LIhexDAZdCI0xECEf","action":"Initial GetUpdates", "result":"", "context":Reason: NEWLY_SUPPORTED_DATATYPE. cV=wk3R2LIhexDAZdCI0xECEf}
{"logTime": "0624/214101", "correlationVector":"wk3R2LIhexDAZdCI0xECEf.1","action":"SyncServerConnectionManagerRequest", "result":"SYNC_SERVER_OK", "context":{"environment":"Prod_brazilsouth_prod-s01-001-sam-brazilsouth", "migrationStage":"NotStarted", "server":"akswtt00500001k"}}
{"logTime": "0624/214101", "correlationVector":"wk3R2LIhexDAZdCI0xECEf.2","action":"ProcessGetUpdates", "result":"Done", "context":{"dataType":"Autofill", "deleted":"0", "process_failed_to_decrypt":"0", "process_pending_decryption":"0", "process_success":"250", "total":"250"}}
{"logTime": "0624/214101", "correlationVector":"wk3R2LIhexDAZdCI0xECEf.3","action":"GetUpdates Response", "result":"Success", "context":Received 250 update(s). cV=wk3R2LIhexDAZdCI0xECEf.0;server=akswtt00500001k;cloudType=Consumer;environment=Prod_brazilsouth_prod-s01-001-sam-brazilsouth;migrationStage=NotStarted Some updates remain.}
{"logTime": "0624/214101", "correlationVector":"dK9RtGGhH3i3ie5ZfSpmpm","action":"Initial GetUpdates", "result":"", "context":Reason: NEWLY_SUPPORTED_DATATYPE. cV=dK9RtGGhH3i3ie5ZfSpmpm}
{"logTime": "0624/214102", "correlationVector":"dK9RtGGhH3i3ie5ZfSpmpm.1","action":"SyncServerConnectionManagerRequest", "result":"SYNC_SERVER_OK", "context":{"environment":"Prod_brazilsouth_prod-s01-001-sam-brazilsouth", "migrationStage":"NotStarted", "server":"akswtt00500001m"}}
{"logTime": "0624/214102", "correlationVector":"dK9RtGGhH3i3ie5ZfSpmpm.2","action":"ProcessGetUpdates", "result":"Done", "context":{"dataType":"Autofill", "deleted":"0", "process_failed_to_decrypt":"0", "process_pending_decryption":"0", "process_success":"250", "total":"250"}}
{"logTime": "0624/214102", "correlationVector":"dK9RtGGhH3i3ie5ZfSpmpm.3","action":"GetUpdates Response", "result":"Success", "context":Received 250 update(s). cV=dK9RtGGhH3i3ie5ZfSpmpm.0;server=akswtt00500001m;cloudType=Consumer;environment=Prod_brazilsouth_prod-s01-001-sam-brazilsouth;migrationStage=NotStarted Some updates remain.}
{"logTime": "0624/214102", "correlationVector":"fJLXGDdrdg/XvpYETPGC2y","action":"Initial GetUpdates", "result":"", "context":Reason: NEWLY_SUPPORTED_DATATYPE. cV=fJLXGDdrdg/XvpYETPGC2y}
{"logTime": "0624/214103", "correlationVector":"fJLXGDdrdg/XvpYETPGC2y.1","action":"SyncServerConnectionManagerRequest", "result":"SYNC_SERVER_OK", "context":{"environment":"Prod_brazilsouth_prod-s01-001-sam-brazilsouth", "migrationStage":"NotStarted", "server":"akswtt00500002k"}}
{"logTime": "0624/214103", "correlationVector":"fJLXGDdrdg/XvpYETPGC2y.2","action":"ProcessGetUpdates", "result":"Done", "context":{"dataType":"Autofill", "deleted":"0", "process_failed_to_decrypt":"0", "process_pending_decryption":"0", "process_success":"250", "total":"250"}}
{"logTime": "0624/214103", "correlationVector":"fJLXGDdrdg/XvpYETPGC2y.3","action":"GetUpdates Response", "result":"Success", "context":Received 250 update(s). cV=fJLXGDdrdg/XvpYETPGC2y.0;server=akswtt00500002k;cloudType=Consumer;environment=Prod_brazilsouth_prod-s01-001-sam-brazilsouth;migrationStage=NotStarted Some updates remain.}
{"logTime": "0624/214103", "correlationVector":"lI4CLhHPRu+o8n/mHroja0","action":"Initial GetUpdates", "result":"", "context":Reason: NEWLY_SUPPORTED_DATATYPE. cV=lI4CLhHPRu+o8n/mHroja0}
{"logTime": "0624/214105", "correlationVector":"lI4CLhHPRu+o8n/mHroja0.1","action":"SyncServerConnectionManagerRequest", "result":"SYNC_SERVER_OK", "context":{"environment":"Prod_brazilsouth_prod-s01-001-sam-brazilsouth", "migrationStage":"NotStarted", "server":"akswtt00500001k"}}
{"logTime": "0624/214105", "correlationVector":"lI4CLhHPRu+o8n/mHroja0.2","action":"ProcessGetUpdates", "result":"Done", "context":{"dataType":"Autofill", "deleted":"0", "process_failed_to_decrypt":"0", "process_pending_decryption":"0", "process_success":"250", "total":"250"}}
{"logTime": "0624/214105", "correlationVector":"lI4CLhHPRu+o8n/mHroja0.3","action":"GetUpdates Response", "result":"Success", "context":Received 250 update(s). cV=lI4CLhHPRu+o8n/mHroja0.0;server=akswtt00500001k;cloudType=Consumer;environment=Prod_brazilsouth_prod-s01-001-sam-brazilsouth;migrationStage=NotStarted Some updates remain.}
{"logTime": "0624/214105", "correlationVector":"Thy+vAuK/oqIiwirVFfkpw","action":"Initial GetUpdates", "result":"", "context":Reason: NEWLY_SUPPORTED_DATATYPE. cV=Thy+vAuK/oqIiwirVFfkpw}
{"logTime": "0624/214105", "correlationVector":"Thy+vAuK/oqIiwirVFfkpw.1","action":"SyncServerConnectionManagerRequest", "result":"SYNC_SERVER_OK", "context":{"environment":"Prod_brazilsouth_prod-s01-001-sam-brazilsouth", "migrationStage":"NotStarted", "server":"akswtt00500002p"}}
{"logTime": "0624/214105", "correlationVector":"Thy+vAuK/oqIiwirVFfkpw.2","action":"ProcessGetUpdates", "result":"Done", "context":{"dataType":"Autofill", "deleted":"0", "process_failed_to_decrypt":"0", "process_pending_decryption":"0", "process_success":"250", "total":"250"}}
{"logTime": "0624/214105", "correlationVector":"Thy+vAuK/oqIiwirVFfkpw.3","action":"GetUpdates Response", "result":"Success", "context":Received 250 update(s). cV=Thy+vAuK/oqIiwirVFfkpw.0;server=akswtt00500002p;cloudType=Consumer;environment=Prod_brazilsouth_prod-s01-001-sam-brazilsouth;migrationStage=NotStarted Some updates remain.}
{"logTime": "0624/214105", "correlationVector":"B/AUBuiXM5lk12GH+Qn6xR","action":"Initial GetUpdates", "result":"", "context":Reason: NEWLY_SUPPORTED_DATATYPE. cV=B/AUBuiXM5lk12GH+Qn6xR}
{"logTime": "0624/214108", "correlationVector":"B/AUBuiXM5lk12GH+Qn6xR.1","action":"SyncServerConnectionManagerRequest", "result":"SYNC_SERVER_OK", "context":{"environment":"Prod_brazilsouth_prod-s01-001-sam-brazilsouth", "migrationStage":"NotStarted", "server":"akswtt00500002k"}}
{"logTime": "0624/214108", "correlationVector":"B/AUBuiXM5lk12GH+Qn6xR.2","action":"ProcessGetUpdates", "result":"Done", "context":{"dataType":"Autofill", "deleted":"0", "process_failed_to_decrypt":"0", "process_pending_decryption":"0", "process_success":"160", "total":"160"}}
{"logTime": "0624/214108", "correlationVector":"B/AUBuiXM5lk12GH+Qn6xR.3","action":"ProcessGetUpdates", "result":"Done", "context":{"dataType":"Sessions", "deleted":"89", "process_failed_to_decrypt":"0", "process_pending_decryption":"0", "process_success":"89", "total":"89"}}
{"logTime": "0624/214108", "correlationVector":"B/AUBuiXM5lk12GH+Qn6xR.4","action":"ProcessGetUpdates", "result":"Done", "context":{"dataType":"WebAuthn Credentials", "deleted":"0", "process_failed_to_decrypt":"0", "process_pending_decryption":"0", "process_success":"1", "total":"1"}}
{"logTime": "0624/214108", "correlationVector":"B/AUBuiXM5lk12GH+Qn6xR.5","action":"GetUpdates Response", "result":"Success", "context":Received 250 update(s). cV=B/AUBuiXM5lk12GH+Qn6xR.0;server=akswtt00500002k;cloudType=Consumer;environment=Prod_brazilsouth_prod-s01-001-sam-brazilsouth;migrationStage=NotStarted Some updates remain.}
{"logTime": "0624/214108", "correlationVector":"BzLBTFatJWWl2yTw2O3873","action":"Initial GetUpdates", "result":"", "context":Reason: NEWLY_SUPPORTED_DATATYPE. cV=BzLBTFatJWWl2yTw2O3873}
{"logTime": "0624/214110", "correlationVector":"BzLBTFatJWWl2yTw2O3873.1","action":"SyncServerConnectionManagerRequest", "result":"SYNC_SERVER_OK", "context":{"environment":"Prod_brazilsouth_prod-s01-001-sam-brazilsouth", "migrationStage":"NotStarted", "server":"akswtt00500001j"}}
{"logTime": "0624/214110", "correlationVector":"BzLBTFatJWWl2yTw2O3873.2","action":"ProcessGetUpdates", "result":"Done", "context":{"dataType":"Autofill", "deleted":"0", "process_failed_to_decrypt":"0", "process_pending_decryption":"0", "process_success":"4", "total":"4"}}
{"logTime": "0624/214110", "correlationVector":"BzLBTFatJWWl2yTw2O3873.3","action":"ProcessGetUpdates", "result":"Done", "context":{"dataType":"Sessions", "deleted":"244", "process_failed_to_decrypt":"0", "process_pending_decryption":"0", "process_success":"244", "total":"244"}}
